  vector.cpp
e:\bite learn\vector\vector\vector.h(214): warning C4018: “<”: 有符号/无符号不匹配
  e:\bite learn\vector\vector\vector.h(210): note: 编译 类 模板 成员函数 "work::Vector<int> work::Vector<int>::operator =(work::Vector<int> &)" 时
  e:\bite learn\vector\vector\vector.cpp(51): note: 参见对正在编译的函数 模板 实例化“work::Vector<int> work::Vector<int>::operator =(work::Vector<int> &)”的引用
  e:\bite learn\vector\vector\vector.cpp(49): note: 参见对正在编译的 类 模板 实例化 "work::Vector<int>" 的引用
e:\bite learn\vector\vector\vector.h(114): warning C4018: “<”: 有符号/无符号不匹配
  e:\bite learn\vector\vector\vector.h(113): note: 编译 类 模板 成员函数 "int *work::Vector<int>::erase(int *)" 时
  e:\bite learn\vector\vector\vector.cpp(55): note: 参见对正在编译的函数 模板 实例化“int *work::Vector<int>::erase(int *)”的引用
e:\bite learn\vector\vector\vector.h(59): warning C4018: “>=”: 有符号/无符号不匹配
  e:\bite learn\vector\vector\vector.h(52): note: 编译 类 模板 成员函数 "int *work::Vector<int>::insert(int *,const T &)" 时
          with
          [
              T=int
          ]
  e:\bite learn\vector\vector\vector.cpp(54): note: 参见对正在编译的函数 模板 实例化“int *work::Vector<int>::insert(int *,const T &)”的引用
          with
          [
              T=int
          ]
e:\bite learn\vector\vector\vector.h(177): warning C4018: “<”: 有符号/无符号不匹配
  e:\bite learn\vector\vector\vector.h(152): note: 编译 类 模板 成员函数 "void work::Vector<int>::reserve(size_t)" 时
  e:\bite learn\vector\vector\vector.h(213): note: 参见对正在编译的函数 模板 实例化“void work::Vector<int>::reserve(size_t)”的引用
  Vector.vcxproj -> E:\bite learn\Vector\Debug\Vector.exe
